<?xml version="1.0" encoding="UTF-8"?>
<!-- Generated by org.testng.reporters.JUnitReportReporter -->
<testsuite hostname="MacBook-Pro-M1-de-Christian.local" failures="0" tests="1" name="runners.TestRunner" time="46.673" errors="0" timestamp="2021-11-11T11:02:57 PET" skipped="0">
  <testcase classname="runners.TestRunner" name="feature" time="46.673"/>
  <system-out/>
</testsuite> <!-- runners.TestRunner -->
